<?xml version="1.0" encoding="UTF-8"?>
<!-- Generated by org.testng.reporters.JUnitReportReporter -->
<testsuite hostname="DESKTOP-HQV51JQ" failures="0" tests="4" name="api.test.UserTests" time="9.902" errors="0" timestamp="2024-05-15T16:55:06 IST" skipped="0">
  <testcase classname="api.test.UserTests" name="test_postUser" time="4.547"/>
  <system-out/>
  <testcase classname="api.test.UserTests" name="test_UserByName" time="1.277"/>
  <system-out/>
  <testcase classname="api.test.UserTests" name="test_updateByUsername" time="2.806"/>
  <system-out/>
  <testcase classname="api.test.UserTests" name="test_DeleteUserByName" time="1.272"/>
  <system-out/>
</testsuite> <!-- api.test.UserTests -->
