<?xml version="1.0" encoding="UTF-8"?>
<!-- Generated by org.testng.reporters.JUnitReportReporter -->
<testsuite hostname="DESKTOP-HQV51JQ" failures="0" tests="6" name="api.test.DDTest" time="7.861" errors="0" timestamp="2024-05-15T16:55:06 IST" skipped="0">
  <testcase classname="api.test.DDTest" name="testPostUsers" time="1.545"/>
  <system-out/>
  <testcase classname="api.test.DDTest" name="testPostUsers" time="1.303"/>
  <system-out/>
  <testcase classname="api.test.DDTest" name="testPostUsers" time="1.252"/>
  <system-out/>
  <testcase classname="api.test.DDTest" name="testDeleteUserByName" time="1.274"/>
  <system-out/>
  <testcase classname="api.test.DDTest" name="testDeleteUserByName" time="1.255"/>
  <system-out/>
  <testcase classname="api.test.DDTest" name="testDeleteUserByName" time="1.232"/>
  <system-out/>
</testsuite> <!-- api.test.DDTest -->
