<?xml version="1.0" encoding="UTF-8"?>
<!-- Generated by org.testng.reporters.JUnitReportReporter -->
<testsuite hostname="DESKTOP-HQV51JQ" failures="0" tests="4" name="api.test.UserTests2" time="9.533" errors="0" timestamp="2024-05-15T16:55:06 IST" skipped="0">
  <testcase classname="api.test.UserTests2" name="test_postUser" time="4.535"/>
  <system-out/>
  <testcase classname="api.test.UserTests2" name="test_UserByName" time="1.236"/>
  <system-out/>
  <testcase classname="api.test.UserTests2" name="test_updateByUsername" time="2.493"/>
  <system-out/>
  <testcase classname="api.test.UserTests2" name="test_DeleteUserByName" time="1.269"/>
  <system-out/>
</testsuite> <!-- api.test.UserTests2 -->
