<?xml version="1.0" encoding="UTF-8"?>
<!-- Generated by org.testng.reporters.JUnitReportReporter -->
<testsuite hostname="DESKTOP-HQV51JQ" failures="0" tests="4" name="api.test.UserTests2" time="8.918" errors="0" timestamp="2024-05-15T16:56:04 IST" skipped="0">
  <testcase classname="api.test.UserTests2" name="test_postUser" time="3.986"/>
  <testcase classname="api.test.UserTests2" name="test_UserByName" time="1.248"/>
  <testcase classname="api.test.UserTests2" name="test_updateByUsername" time="2.479"/>
  <testcase classname="api.test.UserTests2" name="test_DeleteUserByName" time="1.205"/>
</testsuite> <!-- api.test.UserTests2 -->
