<?xml version="1.0" encoding="UTF-8"?>
<!-- Generated by org.testng.reporters.JUnitReportReporter -->
<testsuite hostname="DESKTOP-HQV51JQ" failures="0" tests="4" name="api.test.UserTests" time="9.629" errors="0" timestamp="2024-05-15T16:56:04 IST" skipped="0">
  <testcase classname="api.test.UserTests" name="test_postUser" time="4.619"/>
  <testcase classname="api.test.UserTests" name="test_UserByName" time="1.300"/>
  <testcase classname="api.test.UserTests" name="test_updateByUsername" time="2.456"/>
  <testcase classname="api.test.UserTests" name="test_DeleteUserByName" time="1.254"/>
</testsuite> <!-- api.test.UserTests -->
