<?xml version="1.0" encoding="UTF-8"?>
<!-- Generated by org.testng.reporters.JUnitReportReporter -->
<testsuite hostname="DESKTOP-HQV51JQ" failures="0" tests="6" name="api.test.DDTest" time="8.064" errors="0" timestamp="2024-05-15T16:56:04 IST" skipped="0">
  <testcase classname="api.test.DDTest" name="testPostUsers" time="1.275"/>
  <testcase classname="api.test.DDTest" name="testPostUsers" time="1.223"/>
  <testcase classname="api.test.DDTest" name="testPostUsers" time="1.956"/>
  <testcase classname="api.test.DDTest" name="testDeleteUserByName" time="1.212"/>
  <testcase classname="api.test.DDTest" name="testDeleteUserByName" time="1.178"/>
  <testcase classname="api.test.DDTest" name="testDeleteUserByName" time="1.220"/>
</testsuite> <!-- api.test.DDTest -->
